[ 57%] Built target lqr_control
[35m[1mScanning dependencies of target lqr_control_node[0m
[ 85%] [32mBuilding CXX object CMakeFiles/lqr_control_node.dir/src/main.cpp.o[0m
[ 85%] [32mBuilding CXX object CMakeFiles/lqr_control_node.dir/src/lqr_controller_node.cpp.o[0m
[01m[K/home/hua/new_catkin_ws/src/lqr_control/src/lqr_controller_node.cpp:[m[K In member function ‘[01m[Kbool LQRControllerNode::init()[m[K’:
[01m[K/home/hua/new_catkin_ws/src/lqr_control/src/lqr_controller_node.cpp:47:5:[m[K [01;31m[Kerror: [m[K‘[01m[KroadmapMakerPtr_[m[K’ was not declared in this scope; did you mean ‘[01m[KroadmapMarkerPtr_[m[K’?
   47 |     [01;31m[KroadmapMakerPtr_[m[K =
      |     [01;31m[K^~~~~~~~~~~~~~~~[m[K
      |     [32m[KroadmapMarkerPtr_[m[K
[01m[K/home/hua/new_catkin_ws/src/lqr_control/src/lqr_controller_node.cpp:[m[K In member function ‘[01m[Kvoid LQRControllerNode::addRoadmapMarker(const std::vector<TrajectoryPoint>&, const string&)[m[K’:
[01m[K/home/hua/new_catkin_ws/src/lqr_control/src/lqr_controller_node.cpp:171:25:[m[K [01;31m[Kerror: [m[K‘[01m[KMaker[m[K’ is not a member of ‘[01m[Kvisualization_msgs[m[K’; did you mean ‘[01m[KMarker[m[K’?
  171 |     visualization_msgs::[01;31m[KMaker[m[K maker_linestrip = RosVizTools::newLineStrip(
      |                         [01;31m[K^~~~~[m[K
      |                         [32m[KMarker[m[K
[01m[K/home/hua/new_catkin_ws/src/lqr_control/src/lqr_controller_node.cpp:189:9:[m[K [01;31m[Kerror: [m[K‘[01m[Kmarker_linestrip[m[K’ was not declared in this scope
  189 |         [01;31m[Kmarker_linestrip[m[K.points.push_back(p);
      |         [01;31m[K^~~~~~~~~~~~~~~~[m[K
[01m[K/home/hua/new_catkin_ws/src/lqr_control/src/lqr_controller_node.cpp:191:37:[m[K [01;31m[Kerror: [m[K‘[01m[Kmarker_linestrip[m[K’ was not declared in this scope
  191 |     std::cout << "path size is " << [01;31m[Kmarker_linestrip[m[K.points.size() << std::endl;
      |                                     [01;31m[K^~~~~~~~~~~~~~~~[m[K
[01m[K/home/hua/new_catkin_ws/src/lqr_control/src/lqr_controller_node.cpp:192:5:[m[K [01;31m[Kerror: [m[K‘[01m[KroadmapMakerPtr_[m[K’ was not declared in this scope; did you mean ‘[01m[KroadmapMarkerPtr_[m[K’?
  192 |     [01;31m[KroadmapMakerPtr_[m[K->append(maker_linestrip);
      |     [01;31m[K^~~~~~~~~~~~~~~~[m[K
      |     [32m[KroadmapMarkerPtr_[m[K
[01m[K/home/hua/new_catkin_ws/src/lqr_control/src/lqr_controller_node.cpp:192:30:[m[K [01;31m[Kerror: [m[K‘[01m[Kmaker_linestrip[m[K’ was not declared in this scope
  192 |     roadmapMakerPtr_->append([01;31m[Kmaker_linestrip[m[K);
      |                              [01;31m[K^~~~~~~~~~~~~~~[m[K
[01m[K/home/hua/new_catkin_ws/src/lqr_control/src/lqr_controller_node.cpp:[m[K In member function ‘[01m[Kvoid LQRControllerNode::visTimerLoop(const ros::TimerEvent&)[m[K’:
[01m[K/home/hua/new_catkin_ws/src/lqr_control/src/lqr_controller_node.cpp:199:5:[m[K [01;31m[Kerror: [m[K‘[01m[KroadmapMakerPtr_[m[K’ was not declared in this scope; did you mean ‘[01m[KroadmapMarkerPtr_[m[K’?
  199 |     [01;31m[KroadmapMakerPtr_[m[K->publish();
      |     [01;31m[K^~~~~~~~~~~~~~~~[m[K
      |     [32m[KroadmapMarkerPtr_[m[K
make[2]: *** [CMakeFiles/lqr_control_node.dir/build.make:76：CMakeFiles/lqr_control_node.dir/src/lqr_controller_node.cpp.o] 错误 1
make[2]: *** 正在等待未完成的任务....
make[1]: *** [CMakeFiles/Makefile2:1584：CMakeFiles/lqr_control_node.dir/all] 错误 2
make: *** [Makefile:141：all] 错误 2
