[01m[K/home/hua/new_catkin_ws/src/lqr_control/src/lqr_controller_node.cpp:[m[K In member function â€˜[01m[Kbool LQRControllerNode::init()[m[Kâ€™:
[01m[K/home/hua/new_catkin_ws/src/lqr_control/src/lqr_controller_node.cpp:38:5:[m[K [01;31m[Kerror: [m[Kâ€˜[01m[KspeedPidControllerPtr_[m[Kâ€™ was not declared in this scope; did you mean â€˜[01m[KspeedPIDControllerPtr_[m[Kâ€™?
   38 |     [01;31m[KspeedPidControllerPtr_[m[K = std::shared_ptr<PIDController>(
      |     [01;31m[K^~~~~~~~~~~~~~~~~~~~~~[m[K
      |     [32m[KspeedPIDControllerPtr_[m[K
[01m[K/home/hua/new_catkin_ws/src/lqr_control/src/lqr_controller_node.cpp:57:21:[m[K [01;31m[Kerror: [m[Kâ€˜[01m[Kclass ros::NodeHandle[m[Kâ€™ has no member named â€˜[01m[KcreatTimer[m[Kâ€™; did you mean â€˜[01m[KcreateTimer[m[Kâ€™?
   57 |     visTimer_ = nh_.[01;31m[KcreatTimer[m[K(ros::Duration(1 / vis_frequency), &LQRControllerNode::visTimerLoop, this);
      |                     [01;31m[K^~~~~~~~~~[m[K
      |                     [32m[KcreateTimer[m[K
[01m[K/home/hua/new_catkin_ws/src/lqr_control/src/lqr_controller_node.cpp:60:25:[m[K [01;31m[Kerror: [m[Kâ€˜[01m[Kclass ros::NodeHandle[m[Kâ€™ has no member named â€˜[01m[KcreatTimer[m[Kâ€™; did you mean â€˜[01m[KcreateTimer[m[Kâ€™?
   60 |     controlTimer_ = nh_.[01;31m[KcreatTimer[m[K(ros::Duration(1 / controlFrequency_), &LQRControllerNode::controlTimerLoop, this);
      |                         [01;31m[K^~~~~~~~~~[m[K
      |                         [32m[KcreateTimer[m[K
[01m[K/home/hua/new_catkin_ws/src/lqr_control/src/lqr_controller_node.cpp:63:5:[m[K [01;31m[Kerror: [m[Kâ€˜[01m[KaddRoadmapMarker[m[Kâ€™ was not declared in this scope; did you mean â€˜[01m[KaddRoadmapMaker[m[Kâ€™?
   63 |     [01;31m[KaddRoadmapMarker[m[K(planningPublishedTrajectory_.trajectory_points, frame_id);
      |     [01;31m[K^~~~~~~~~~~~~~~~[m[K
      |     [32m[KaddRoadmapMaker[m[K
[01m[K/home/hua/new_catkin_ws/src/lqr_control/src/lqr_controller_node.cpp:68:5:[m[K [01;31m[Kerror: [m[Kâ€˜[01m[KROS_INO[m[Kâ€™ was not declared in this scope; did you mean â€˜[01m[KROS_INFO[m[Kâ€™?
   68 |     [01;31m[KROS_INO[m[K("lqr_control_node init finish");
      |     [01;31m[K^~~~~~~[m[K
      |     [32m[KROS_INFO[m[K
[01m[K/home/hua/new_catkin_ws/src/lqr_control/src/lqr_controller_node.cpp:[m[K In member function â€˜[01m[Kdouble LQRControllerNode::pid_control()[m[Kâ€™:
[01m[K/home/hua/new_catkin_ws/src/lqr_control/src/lqr_controller_node.cpp:75:20:[m[K [01;31m[Kerror: [m[Kâ€˜[01m[KtargetSpeed_[m[Kâ€™ was not declared in this scope; did you mean â€˜[01m[KtargetSpeed[m[Kâ€™?
   75 |     double v_err = [01;31m[KtargetSpeed_[m[K - ego_speed;   // ç›®æ ‡è½¦é€Ÿå’Œå½“å‰è½¦é€Ÿçš„è¯¯å·®
      |                    [01;31m[K^~~~~~~~~~~~[m[K
      |                    [32m[KtargetSpeed[m[K
[01m[K/home/hua/new_catkin_ws/src/lqr_control/src/lqr_controller_node.cpp:79:31:[m[K [01;31m[Kerror: [m[Kâ€˜[01m[KspeedPidControllerPtr_[m[Kâ€™ was not declared in this scope; did you mean â€˜[01m[KspeedPIDControllerPtr_[m[Kâ€™?
   79 |     double acceleration_cmd = [01;31m[KspeedPidControllerPtr_[m[K->Control(v_err, 1 / controlFrequency_);
      |                               [01;31m[K^~~~~~~~~~~~~~~~~~~~~~[m[K
      |                               [32m[KspeedPIDControllerPtr_[m[K
[01m[K/home/hua/new_catkin_ws/src/lqr_control/src/lqr_controller_node.cpp:[m[K At global scope:
[01m[K/home/hua/new_catkin_ws/src/lqr_control/src/lqr_controller_node.cpp:83:63:[m[K [01;31m[Kerror: [m[Kfound â€˜[01m[K:[m[Kâ€™ in nested-name-specifier, expected â€˜[01m[K::[m[Kâ€™
   83 | void LQRControllerNode::odomCallback(const nav_msgs::Odometry [01;31m[K:[m[K ConstPtr &msg)
      |                                                               [01;31m[K^[m[K
      |                                                               [32m[K::[m[K
[01m[K/home/hua/new_catkin_ws/src/lqr_control/src/lqr_controller_node.cpp:[m[K In member function â€˜[01m[Kbool LQRControllerNode::loadRoadmap(const string&, double)[m[Kâ€™:
[01m[K/home/hua/new_catkin_ws/src/lqr_control/src/lqr_controller_node.cpp:142:33:[m[K [01;31m[Kerror: [m[Kexpected initializer before â€˜[01m[K.[m[Kâ€™ token
  142 |     std::vector<double> headings[01;31m[K.[m[Kaccumulated_s, kappas, dkappas;
      |                                 [01;31m[K^[m[K
[01m[K/home/hua/new_catkin_ws/src/lqr_control/src/lqr_controller_node.cpp:147:41:[m[K [01;31m[Kerror: [m[Kâ€˜[01m[Kheadings[m[Kâ€™ was not declared in this scope
  147 |     reference_line->ComputePathProfile(&[01;31m[Kheadings[m[K, &accumulated_s, &kappas, &dkappas);
      |                                         [01;31m[K^~~~~~~~[m[K
[01m[K/home/hua/new_catkin_ws/src/lqr_control/src/lqr_controller_node.cpp:147:52:[m[K [01;31m[Kerror: [m[Kâ€˜[01m[Kaccumulated_s[m[Kâ€™ was not declared in this scope
  147 |     reference_line->ComputePathProfile(&headings, &[01;31m[Kaccumulated_s[m[K, &kappas, &dkappas);
      |                                                    [01;31m[K^~~~~~~~~~~~~[m[K
[01m[K/home/hua/new_catkin_ws/src/lqr_control/src/lqr_controller_node.cpp:147:68:[m[K [01;31m[Kerror: [m[Kâ€˜[01m[Kkappas[m[Kâ€™ was not declared in this scope
  147 |     reference_line->ComputePathProfile(&headings, &accumulated_s, &[01;31m[Kkappas[m[K, &dkappas);
      |                                                                    [01;31m[K^~~~~~[m[K
[01m[K/home/hua/new_catkin_ws/src/lqr_control/src/lqr_controller_node.cpp:147:77:[m[K [01;31m[Kerror: [m[Kâ€˜[01m[Kdkappas[m[Kâ€™ was not declared in this scope
  147 |     reference_line->ComputePathProfile(&headings, &accumulated_s, &kappas, &[01;31m[Kdkappas[m[K);
      |                                                                             [01;31m[K^~~~~~~[m[K
[01m[K/home/hua/new_catkin_ws/src/lqr_control/src/lqr_controller_node.cpp:158:23:[m[K [01;31m[Kerror: [m[Kâ€˜[01m[Kstruct TrajectoryPoint[m[Kâ€™ has no member named â€˜[01m[Kkappas[m[Kâ€™; did you mean â€˜[01m[Kkappa[m[Kâ€™?
  158 |         trajectory_pt.[01;31m[Kkappas[m[K = kappas[i];                                        // è·¯å¾„ç‚¹æ›²çŽ‡
      |                       [01;31m[K^~~~~~[m[K
      |                       [32m[Kkappa[m[K
[01m[K/home/hua/new_catkin_ws/src/lqr_control/src/lqr_controller_node.cpp:[m[K At global scope:
[01m[K/home/hua/new_catkin_ws/src/lqr_control/src/lqr_controller_node.cpp:165:6:[m[K [01;31m[Kerror: [m[Kno declaration matches â€˜[01m[Kvoid LQRControllerNode::addRoadmapMarker(const std::vector<TrajectoryPoint>&, const string&)[m[Kâ€™
  165 | void [01;31m[KLQRControllerNode[m[K::addRoadmapMarker(
      |      [01;31m[K^~~~~~~~~~~~~~~~~[m[K
[01m[K/home/hua/new_catkin_ws/src/lqr_control/src/lqr_controller_node.cpp:165:6:[m[K [01;36m[Knote: [m[Kno functions named â€˜[01m[Kvoid LQRControllerNode::addRoadmapMarker(const std::vector<TrajectoryPoint>&, const string&)[m[Kâ€™
In file included from [01m[K/home/hua/new_catkin_ws/src/lqr_control/src/lqr_controller_node.cpp:1[m[K:
[01m[K/home/hua/new_catkin_ws/src/lqr_control/include/lqr_controller_node.h:16:7:[m[K [01;36m[Knote: [m[Kâ€˜[01m[Kclass LQRControllerNode[m[Kâ€™ defined here
   16 | class [01;36m[KLQRControllerNode[m[K
      |       [01;36m[K^~~~~~~~~~~~~~~~~[m[K
[01m[K/home/hua/new_catkin_ws/src/lqr_control/src/lqr_controller_node.cpp:[m[K In member function â€˜[01m[Kvoid LQRControllerNode::controlTimerLoop(const ros::TimerEvent&)[m[Kâ€™:
[01m[K/home/hua/new_catkin_ws/src/lqr_control/src/lqr_controller_node.cpp:210:13:[m[K [01;31m[Kerror: [m[Kâ€˜[01m[KtargetSpeed_[m[Kâ€™ was not declared in this scope; did you mean â€˜[01m[KtargetSpeed[m[Kâ€™?
  210 |             [01;31m[KtargetSpeed_[m[K = 0;
      |             [01;31m[K^~~~~~~~~~~~[m[K
      |             [32m[KtargetSpeed[m[K
[01m[K/home/hua/new_catkin_ws/src/lqr_control/src/lqr_controller_node.cpp:242:13:[m[K [01;31m[Kerror: [m[Kâ€˜[01m[KtargetSpeed_[m[Kâ€™ was not declared in this scope; did you mean â€˜[01m[KtargetSpeed[m[Kâ€™?
  242 |         if ([01;31m[KtargetSpeed_[m[K == 0)
      |             [01;31m[K^~~~~~~~~~~~[m[K
      |             [32m[KtargetSpeed[m[K
make[2]: *** [CMakeFiles/lqr_control_node.dir/build.make:76ï¼šCMakeFiles/lqr_control_node.dir/src/lqr_controller_node.cpp.o] é”™è¯¯ 1
make[1]: *** [CMakeFiles/Makefile2:1584ï¼šCMakeFiles/lqr_control_node.dir/all] é”™è¯¯ 2
make: *** [Makefile:141ï¼šall] é”™è¯¯ 2
