[ 57%] Built target lqr_control
[35m[1mScanning dependencies of target lqr_control_node[0m
[ 71%] [32mBuilding CXX object CMakeFiles/lqr_control_node.dir/src/lqr_controller_node.cpp.o[0m
[01m[K/home/hua/new_catkin_ws/src/lqr_control/src/lqr_controller_node.cpp:[m[K In member function â€˜[01m[Kvoid LQRControllerNode::addRoadmapMarker(const std::vector<TrajectoryPoint>&, const string&)[m[Kâ€™:
[01m[K/home/hua/new_catkin_ws/src/lqr_control/src/lqr_controller_node.cpp:168:5:[m[K [01;31m[Kerror: [m[Kâ€˜[01m[KroadmapMarkerPtr_[m[Kâ€™ was not declared in this scope; did you mean â€˜[01m[KroadmapMakerPtr_[m[Kâ€™?
  168 |     [01;31m[KroadmapMarkerPtr_[m[K->clear();         // æ¸…ç©ºå¯è§†åŒ–è·¯ç½‘æ¶ˆæ¯
      |     [01;31m[K^~~~~~~~~~~~~~~~~[m[K
      |     [32m[KroadmapMakerPtr_[m[K
[01m[K/home/hua/new_catkin_ws/src/lqr_control/src/lqr_controller_node.cpp:171:25:[m[K [01;31m[Kerror: [m[Kâ€˜[01m[KMaker[m[Kâ€™ is not a member of â€˜[01m[Kvisualization_msgs[m[Kâ€™; did you mean â€˜[01m[KMarker[m[Kâ€™?
  171 |     visualization_msgs::[01;31m[KMaker[m[K maker_linestrip = RosVizTools::newLineStrip(
      |                         [01;31m[K^~~~~[m[K
      |                         [32m[KMarker[m[K
[01m[K/home/hua/new_catkin_ws/src/lqr_control/src/lqr_controller_node.cpp:189:9:[m[K [01;31m[Kerror: [m[Kâ€˜[01m[Kmarker_linestrip[m[Kâ€™ was not declared in this scope
  189 |         [01;31m[Kmarker_linestrip[m[K.points.push_back(p);
      |         [01;31m[K^~~~~~~~~~~~~~~~[m[K
[01m[K/home/hua/new_catkin_ws/src/lqr_control/src/lqr_controller_node.cpp:191:37:[m[K [01;31m[Kerror: [m[Kâ€˜[01m[Kmarker_linestrip[m[Kâ€™ was not declared in this scope
  191 |     std::cout << "path size is " << [01;31m[Kmarker_linestrip[m[K.points.size() << std::endl;
      |                                     [01;31m[K^~~~~~~~~~~~~~~~[m[K
[01m[K/home/hua/new_catkin_ws/src/lqr_control/src/lqr_controller_node.cpp:192:30:[m[K [01;31m[Kerror: [m[Kâ€˜[01m[Kmaker_linestrip[m[Kâ€™ was not declared in this scope
  192 |     roadmapMakerPtr_->append([01;31m[Kmaker_linestrip[m[K);
      |                              [01;31m[K^~~~~~~~~~~~~~~[m[K
make[2]: *** [CMakeFiles/lqr_control_node.dir/build.make:76ï¼šCMakeFiles/lqr_control_node.dir/src/lqr_controller_node.cpp.o] é”™è¯¯ 1
make[1]: *** [CMakeFiles/Makefile2:1584ï¼šCMakeFiles/lqr_control_node.dir/all] é”™è¯¯ 2
make: *** [Makefile:141ï¼šall] é”™è¯¯ 2
