[01m[K/home/hua/new_catkin_ws/src/lqr_control/src/lqr_controller_node.cpp:[m[K In member function ‘[01m[Kbool LQRControllerNode::loadRoadmap(const string&, double)[m[K’:
[01m[K/home/hua/new_catkin_ws/src/lqr_control/src/lqr_controller_node.cpp:158:23:[m[K [01;31m[Kerror: [m[K‘[01m[Kstruct TrajectoryPoint[m[K’ has no member named ‘[01m[Kkappas[m[K’; did you mean ‘[01m[Kkappa[m[K’?
  158 |         trajectory_pt.[01;31m[Kkappas[m[K = kappas[i];                                        // 路径点曲率
      |                       [01;31m[K^~~~~~[m[K
      |                       [32m[Kkappa[m[K
[01m[K/home/hua/new_catkin_ws/src/lqr_control/src/lqr_controller_node.cpp:[m[K In member function ‘[01m[Kvoid LQRControllerNode::addRoadmapMarker(const std::vector<TrajectoryPoint>&, const string&)[m[K’:
[01m[K/home/hua/new_catkin_ws/src/lqr_control/src/lqr_controller_node.cpp:171:25:[m[K [01;31m[Kerror: [m[K‘[01m[KMaker[m[K’ is not a member of ‘[01m[Kvisualization_msgs[m[K’; did you mean ‘[01m[KMarker[m[K’?
  171 |     visualization_msgs::[01;31m[KMaker[m[K maker_linestrip = RosVizTools::newLineStrip(
      |                         [01;31m[K^~~~~[m[K
      |                         [32m[KMarker[m[K
[01m[K/home/hua/new_catkin_ws/src/lqr_control/src/lqr_controller_node.cpp:189:9:[m[K [01;31m[Kerror: [m[K‘[01m[Kmaker_linestrip[m[K’ was not declared in this scope
  189 |         [01;31m[Kmaker_linestrip[m[K.points.push_back(p);
      |         [01;31m[K^~~~~~~~~~~~~~~[m[K
[01m[K/home/hua/new_catkin_ws/src/lqr_control/src/lqr_controller_node.cpp:191:37:[m[K [01;31m[Kerror: [m[K‘[01m[Kmaker_linestrip[m[K’ was not declared in this scope
  191 |     std::cout << "path size is " << [01;31m[Kmaker_linestrip[m[K.points.size() << std::endl;
      |                                     [01;31m[K^~~~~~~~~~~~~~~[m[K
make[2]: *** [CMakeFiles/lqr_control_node.dir/build.make:76：CMakeFiles/lqr_control_node.dir/src/lqr_controller_node.cpp.o] 错误 1
make[2]: *** 正在等待未完成的任务....
make[1]: *** [CMakeFiles/Makefile2:1584：CMakeFiles/lqr_control_node.dir/all] 错误 2
make: *** [Makefile:141：all] 错误 2
