In file included from [01m[K/home/hua/new_catkin_ws/src/lqr_control/src/main.cpp:3[m[K:
[01m[K/home/hua/new_catkin_ws/src/lqr_control/include/lqr_controller_node.h:71:2:[m[K [01;31m[Kerror: [m[Kexpected ‚Äò[01m[K;[m[K‚Äô after class definition
   71 | }
      |  [01;31m[K^[m[K
      |  [32m[K;[m[K
In file included from [01m[K/home/hua/new_catkin_ws/src/lqr_control/src/lqr_controller_node.cpp:1[m[K:
[01m[K/home/hua/new_catkin_ws/src/lqr_control/include/lqr_controller_node.h:16:1:[m[K [01;31m[Kerror: [m[Knew types may not be defined in a return type
   16 | [01;31m[Kclass[m[K LQRControllerNode
      | [01;31m[K^~~~~[m[K
[01m[K/home/hua/new_catkin_ws/src/lqr_control/include/lqr_controller_node.h:16:1:[m[K [01;36m[Knote: [m[K(perhaps a semicolon is missing after the definition of ‚Äò[01m[KLQRControllerNode[m[K‚Äô)
[01m[K/home/hua/new_catkin_ws/src/lqr_control/src/lqr_controller_node.cpp:4:38:[m[K [01;31m[Kerror: [m[Kreturn type specification for constructor invalid
    4 | LQRControllerNode::LQRControllerNode([01;31m[K)[m[K : pnh_("~") {}
      |                                      [01;31m[K^[m[K
[01m[K/home/hua/new_catkin_ws/src/lqr_control/src/lqr_controller_node.cpp:[m[K In member function ‚Äò[01m[Kbool LQRControllerNode::init()[m[K‚Äô:
[01m[K/home/hua/new_catkin_ws/src/lqr_control/src/lqr_controller_node.cpp:38:5:[m[K [01;31m[Kerror: [m[K‚Äò[01m[KspeedPidControllerPtr_[m[K‚Äô was not declared in this scope; did you mean ‚Äò[01m[KspeedPIDControllerPtr_[m[K‚Äô?
   38 |     [01;31m[KspeedPidControllerPtr_[m[K = std::shared_ptr<PIDController>(
      |     [01;31m[K^~~~~~~~~~~~~~~~~~~~~~[m[K
      |     [32m[KspeedPIDControllerPtr_[m[K
[01m[K/home/hua/new_catkin_ws/src/lqr_control/src/lqr_controller_node.cpp:51:23:[m[K [01;31m[Kerror: [m[K‚Äò[01m[Knh[m[K‚Äô was not declared in this scope; did you mean ‚Äò[01m[Knh_[m[K‚Äô?
   51 |     VehiclePoseSub_ = [01;31m[Knh[m[K.subscribe(vehicle_odom_topic, 10, &LQRControllerNode::odomCallback, this);
      |                       [01;31m[K^~[m[K
      |                       [32m[Knh_[m[K
[01m[K/home/hua/new_catkin_ws/src/lqr_control/src/lqr_controller_node.cpp:54:66:[m[K [01;31m[Kerror: [m[Kexpected primary-expression before ‚Äò[01m[K>[m[K‚Äô token
   54 |     controlPub_ = nh.advertise<carla_msgs::CarlaEgoVehicleControl[01;31m[K>[m[K(vehicle_cmd_topic, 1000);
      |                                                                  [01;31m[K^[m[K
[01m[K/home/hua/new_catkin_ws/src/lqr_control/src/lqr_controller_node.cpp:54:68:[m[K [01;35m[Kwarning: [m[Kleft operand of comma operator has no effect [[01;35m[K-Wunused-value[m[K]
   54 |     controlPub_ = nh.advertise<carla_msgs::CarlaEgoVehicleControl>([01;35m[Kvehicle_cmd_topic[m[K, 1000);
      |                                                                    [01;35m[K^~~~~~~~~~~~~~~~~[m[K
[01m[K/home/hua/new_catkin_ws/src/lqr_control/src/lqr_controller_node.cpp:60:18:[m[K [01;31m[Kerror: [m[Kexpected ‚Äò[01m[K;[m[K‚Äô before ‚Äò[01m[Knh[m[K‚Äô
   60 |     controlTimer_[01;31m[K [m[K[32m[Knh[m[K.creatTimer(ros::Duration(1 / controlFrequency_), &LQRControllerNode::controlTimerLoop, this);
      |                  [01;31m[K^[m[K[32m[K~~[m[K
      |                  [32m[K;[m[K
[01m[K/home/hua/new_catkin_ws/src/lqr_control/src/lqr_controller_node.cpp:60:5:[m[K [01;35m[Kwarning: [m[Kstatement has no effect [[01;35m[K-Wunused-value[m[K]
   60 |     [01;35m[KcontrolTimer_[m[K nh.creatTimer(ros::Duration(1 / controlFrequency_), &LQRControllerNode::controlTimerLoop, this);
      |     [01;35m[K^~~~~~~~~~~~~[m[K
[01m[K/home/hua/new_catkin_ws/src/lqr_control/src/lqr_controller_node.cpp:63:5:[m[K [01;31m[Kerror: [m[K‚Äò[01m[KaddRoadmapMarker[m[K‚Äô was not declared in this scope; did you mean ‚Äò[01m[KaddRoadmapMaker[m[K‚Äô?
   63 |     [01;31m[KaddRoadmapMarker[m[K(planningPublishedTrajectory_.trajectory_points, frame_id);
      |     [01;31m[K^~~~~~~~~~~~~~~~[m[K
      |     [32m[KaddRoadmapMaker[m[K
[01m[K/home/hua/new_catkin_ws/src/lqr_control/src/lqr_controller_node.cpp:68:5:[m[K [01;31m[Kerror: [m[K‚Äò[01m[KROS_INO[m[K‚Äô was not declared in this scope; did you mean ‚Äò[01m[KROS_INFO[m[K‚Äô?
   68 |     [01;31m[KROS_INO[m[K("lqr_control_node init finish");
      |     [01;31m[K^~~~~~~[m[K
      |     [32m[KROS_INFO[m[K
[01m[K/home/hua/new_catkin_ws/src/lqr_control/src/lqr_controller_node.cpp:[m[K In member function ‚Äò[01m[Kdouble LQRControllerNode::pid_control()[m[K‚Äô:
[01m[K/home/hua/new_catkin_ws/src/lqr_control/src/lqr_controller_node.cpp:75:20:[m[K [01;31m[Kerror: [m[K‚Äò[01m[KtargetSpeed_[m[K‚Äô was not declared in this scope; did you mean ‚Äò[01m[KtargetSpeed[m[K‚Äô?
   75 |     double v_err = [01;31m[KtargetSpeed_[m[K - ego_speed;   // ÁõÆÊ†áËΩ¶ÈÄüÂíåÂΩìÂâçËΩ¶ÈÄüÁöÑËØØÂ∑Æ
      |                    [01;31m[K^~~~~~~~~~~~[m[K
      |                    [32m[KtargetSpeed[m[K
[01m[K/home/hua/new_catkin_ws/src/lqr_control/src/lqr_controller_node.cpp:79:31:[m[K [01;31m[Kerror: [m[K‚Äò[01m[KspeedPidControllerPtr_[m[K‚Äô was not declared in this scope; did you mean ‚Äò[01m[KspeedPIDControllerPtr_[m[K‚Äô?
   79 |     double acceleration_cmd = [01;31m[KspeedPidControllerPtr_[m[K->Control(v_err, 1 / controlFrequency_);
      |                               [01;31m[K^~~~~~~~~~~~~~~~~~~~~~[m[K
      |                               [32m[KspeedPIDControllerPtr_[m[K
[01m[K/home/hua/new_catkin_ws/src/lqr_control/src/lqr_controller_node.cpp:[m[K At global scope:
[01m[K/home/hua/new_catkin_ws/src/lqr_control/src/lqr_controller_node.cpp:83:63:[m[K [01;31m[Kerror: [m[Kfound ‚Äò[01m[K:[m[K‚Äô in nested-name-specifier, expected ‚Äò[01m[K::[m[K‚Äô
   83 | void LQRControllerNode::odomCallback(const nav_msgs::Odometry [01;31m[K:[m[K ConstPtr &msg)
      |                                                               [01;31m[K^[m[K
      |                                                               [32m[K::[m[K
[01m[K/home/hua/new_catkin_ws/src/lqr_control/src/lqr_controller_node.cpp:[m[K In member function ‚Äò[01m[Kbool LQRControllerNode::loadRoadmap(const string&, double)[m[K‚Äô:
[01m[K/home/hua/new_catkin_ws/src/lqr_control/src/lqr_controller_node.cpp:142:33:[m[K [01;31m[Kerror: [m[Kexpected initializer before ‚Äò[01m[K.[m[K‚Äô token
  142 |     std::vector<double> headings[01;31m[K.[m[Kaccumulated_s, kappas, dkappas;
      |                                 [01;31m[K^[m[K
[01m[K/home/hua/new_catkin_ws/src/lqr_control/src/lqr_controller_node.cpp:147:41:[m[K [01;31m[Kerror: [m[K‚Äò[01m[Kheadings[m[K‚Äô was not declared in this scope
  147 |     reference_line->ComputePathProfile(&[01;31m[Kheadings[m[K, &accumulated_s, &kappas, &dkappas);
      |                                         [01;31m[K^~~~~~~~[m[K
[01m[K/home/hua/new_catkin_ws/src/lqr_control/src/lqr_controller_node.cpp:147:52:[m[K [01;31m[Kerror: [m[K‚Äò[01m[Kaccumulated_s[m[K‚Äô was not declared in this scope
  147 |     reference_line->ComputePathProfile(&headings, &[01;31m[Kaccumulated_s[m[K, &kappas, &dkappas);
      |                                                    [01;31m[K^~~~~~~~~~~~~[m[K
[01m[K/home/hua/new_catkin_ws/src/lqr_control/src/lqr_controller_node.cpp:147:68:[m[K [01;31m[Kerror: [m[K‚Äò[01m[Kkappas[m[K‚Äô was not declared in this scope
  147 |     reference_line->ComputePathProfile(&headings, &accumulated_s, &[01;31m[Kkappas[m[K, &dkappas);
      |                                                                    [01;31m[K^~~~~~[m[K
[01m[K/home/hua/new_catkin_ws/src/lqr_control/src/lqr_controller_node.cpp:147:77:[m[K [01;31m[Kerror: [m[K‚Äò[01m[Kdkappas[m[K‚Äô was not declared in this scope
  147 |     reference_line->ComputePathProfile(&headings, &accumulated_s, &kappas, &[01;31m[Kdkappas[m[K);
      |                                                                             [01;31m[K^~~~~~~[m[K
[01m[K/home/hua/new_catkin_ws/src/lqr_control/src/lqr_controller_node.cpp:158:23:[m[K [01;31m[Kerror: [m[K‚Äò[01m[Kstruct TrajectoryPoint[m[K‚Äô has no member named ‚Äò[01m[Kkappas[m[K‚Äô; did you mean ‚Äò[01m[Kkappa[m[K‚Äô?
  158 |         trajectory_pt.[01;31m[Kkappas[m[K = kappas[i];                                        // Ë∑ØÂæÑÁÇπÊõ≤Áéá
      |                       [01;31m[K^~~~~~[m[K
      |                       [32m[Kkappa[m[K
[01m[K/home/hua/new_catkin_ws/src/lqr_control/src/lqr_controller_node.cpp:[m[K At global scope:
[01m[K/home/hua/new_catkin_ws/src/lqr_control/src/lqr_controller_node.cpp:165:6:[m[K [01;31m[Kerror: [m[Kno declaration matches ‚Äò[01m[Kvoid LQRControllerNode::addRoadmapMarker(const std::vector<TrajectoryPoint>&, const string&)[m[K‚Äô
  165 | void [01;31m[KLQRControllerNode[m[K::addRoadmapMarker(
      |      [01;31m[K^~~~~~~~~~~~~~~~~[m[K
[01m[K/home/hua/new_catkin_ws/src/lqr_control/src/lqr_controller_node.cpp:165:6:[m[K [01;36m[Knote: [m[Kno functions named ‚Äò[01m[Kvoid LQRControllerNode::addRoadmapMarker(const std::vector<TrajectoryPoint>&, const string&)[m[K‚Äô
In file included from [01m[K/home/hua/new_catkin_ws/src/lqr_control/src/lqr_controller_node.cpp:1[m[K:
[01m[K/home/hua/new_catkin_ws/src/lqr_control/include/lqr_controller_node.h:16:7:[m[K [01;36m[Knote: [m[K‚Äò[01m[Kclass LQRControllerNode[m[K‚Äô defined here
   16 | class [01;36m[KLQRControllerNode[m[K
      |       [01;36m[K^~~~~~~~~~~~~~~~~[m[K
[01m[K/home/hua/new_catkin_ws/src/lqr_control/src/lqr_controller_node.cpp:[m[K In member function ‚Äò[01m[Kvoid LQRControllerNode::controlTimerLoop(const ros::TimerEvent&)[m[K‚Äô:
[01m[K/home/hua/new_catkin_ws/src/lqr_control/src/lqr_controller_node.cpp:210:13:[m[K [01;31m[Kerror: [m[K‚Äò[01m[KtargetSpeed_[m[K‚Äô was not declared in this scope; did you mean ‚Äò[01m[KtargetSpeed[m[K‚Äô?
  210 |             [01;31m[KtargetSpeed_[m[K = 0;
      |             [01;31m[K^~~~~~~~~~~~[m[K
      |             [32m[KtargetSpeed[m[K
[01m[K/home/hua/new_catkin_ws/src/lqr_control/src/lqr_controller_node.cpp:242:13:[m[K [01;31m[Kerror: [m[K‚Äò[01m[KtargetSpeed_[m[K‚Äô was not declared in this scope; did you mean ‚Äò[01m[KtargetSpeed[m[K‚Äô?
  242 |         if ([01;31m[KtargetSpeed_[m[K == 0)
      |             [01;31m[K^~~~~~~~~~~~[m[K
      |             [32m[KtargetSpeed[m[K
make[2]: *** [CMakeFiles/lqr_control_node.dir/build.make:63ÔºöCMakeFiles/lqr_control_node.dir/src/main.cpp.o] ÈîôËØØ 1
make[2]: *** Ê≠£Âú®Á≠âÂæÖÊú™ÂÆåÊàêÁöÑ‰ªªÂä°....
make[2]: *** [CMakeFiles/lqr_control_node.dir/build.make:76ÔºöCMakeFiles/lqr_control_node.dir/src/lqr_controller_node.cpp.o] ÈîôËØØ 1
make[1]: *** [CMakeFiles/Makefile2:1584ÔºöCMakeFiles/lqr_control_node.dir/all] ÈîôËØØ 2
make: *** [Makefile:141Ôºöall] ÈîôËØØ 2
