[01m[K/home/hua/new_catkin_ws/src/lqr_control/src/lqr_controller_node.cpp:[m[K In member function ‘[01m[Kbool LQRControllerNode::init()[m[K’:
[01m[K/home/hua/new_catkin_ws/src/lqr_control/src/lqr_controller_node.cpp:63:5:[m[K [01;31m[Kerror: [m[K‘[01m[KaddRoadmapMarker[m[K’ was not declared in this scope; did you mean ‘[01m[KaddRoadmapMaker[m[K’?
   63 |     [01;31m[KaddRoadmapMarker[m[K(planningPublishedTrajectory_.trajectory_points, frame_id);
      |     [01;31m[K^~~~~~~~~~~~~~~~[m[K
      |     [32m[KaddRoadmapMaker[m[K
[01m[K/home/hua/new_catkin_ws/src/lqr_control/src/lqr_controller_node.cpp:[m[K In member function ‘[01m[Kbool LQRControllerNode::loadRoadmap(const string&, double)[m[K’:
[01m[K/home/hua/new_catkin_ws/src/lqr_control/src/lqr_controller_node.cpp:158:23:[m[K [01;31m[Kerror: [m[K‘[01m[Kstruct TrajectoryPoint[m[K’ has no member named ‘[01m[Kkappas[m[K’; did you mean ‘[01m[Kkappa[m[K’?
  158 |         trajectory_pt.[01;31m[Kkappas[m[K = kappas[i];                                        // 路径点曲率
      |                       [01;31m[K^~~~~~[m[K
      |                       [32m[Kkappa[m[K
[01m[K/home/hua/new_catkin_ws/src/lqr_control/src/lqr_controller_node.cpp:[m[K At global scope:
[01m[K/home/hua/new_catkin_ws/src/lqr_control/src/lqr_controller_node.cpp:165:6:[m[K [01;31m[Kerror: [m[Kno declaration matches ‘[01m[Kvoid LQRControllerNode::addRoadmapMarker(const std::vector<TrajectoryPoint>&, const string&)[m[K’
  165 | void [01;31m[KLQRControllerNode[m[K::addRoadmapMarker(
      |      [01;31m[K^~~~~~~~~~~~~~~~~[m[K
[01m[K/home/hua/new_catkin_ws/src/lqr_control/src/lqr_controller_node.cpp:165:6:[m[K [01;36m[Knote: [m[Kno functions named ‘[01m[Kvoid LQRControllerNode::addRoadmapMarker(const std::vector<TrajectoryPoint>&, const string&)[m[K’
In file included from [01m[K/home/hua/new_catkin_ws/src/lqr_control/src/lqr_controller_node.cpp:1[m[K:
[01m[K/home/hua/new_catkin_ws/src/lqr_control/include/lqr_controller_node.h:16:7:[m[K [01;36m[Knote: [m[K‘[01m[Kclass LQRControllerNode[m[K’ defined here
   16 | class [01;36m[KLQRControllerNode[m[K
      |       [01;36m[K^~~~~~~~~~~~~~~~~[m[K
make[2]: *** [CMakeFiles/lqr_control_node.dir/build.make:76：CMakeFiles/lqr_control_node.dir/src/lqr_controller_node.cpp.o] 错误 1
make[2]: *** 正在等待未完成的任务....
make[1]: *** [CMakeFiles/Makefile2:1584：CMakeFiles/lqr_control_node.dir/all] 错误 2
make: *** [Makefile:141：all] 错误 2
