[01m[K/home/hua/new_catkin_ws/src/lqr_control/src/lqr_controller.cpp:[m[K In member function â€˜[01m[Kvoid hua::control::LqrController::LoadControlConf()[m[Kâ€™:
[01m[K/home/hua/new_catkin_ws/src/lqr_control/src/lqr_controller.cpp:46:13:[m[K [01;31m[Kerror: [m[Kâ€˜[01m[Klqr_max_interation_[m[Kâ€™ was not declared in this scope; did you mean â€˜[01m[Klqr_max_iteration_[m[Kâ€™?
   46 |             [01;31m[Klqr_max_interation_[m[K = 1500; // lqrè¿­ä»£æ¬¡æ•°
      |             [01;31m[K^~~~~~~~~~~~~~~~~~~[m[K
      |             [32m[Klqr_max_iteration_[m[K
[01m[K/home/hua/new_catkin_ws/src/lqr_control/src/lqr_controller.cpp:[m[K In member function â€˜[01m[Kvoid hua::control::LqrController::Init()[m[Kâ€™:
[01m[K/home/hua/new_catkin_ws/src/lqr_control/src/lqr_controller.cpp:88:43:[m[K [01;31m[Kerror: [m[Kâ€˜[01m[Kiz[m[Kâ€™ was not declared in this scope; did you mean â€˜[01m[Kiz_[m[Kâ€™?
   88 |             matrix_b_(3, 0) = lf_ * cf_ / [01;31m[Kiz[m[K;
      |                                           [01;31m[K^~[m[K
      |                                           [32m[Kiz_[m[K
[01m[K/home/hua/new_catkin_ws/src/lqr_control/src/lqr_controller.cpp:[m[K In member function â€˜[01m[Kvoid hua::control::LqrController::UpdateState(const VehicleState&)[m[Kâ€™:
[01m[K/home/hua/new_catkin_ws/src/lqr_control/src/lqr_controller.cpp:225:34:[m[K [01;31m[Kerror: [m[Kâ€˜[01m[Kvehicle[m[Kâ€™ was not declared in this scope
  225 |                                  [01;31m[Kvehicle[m[K.velocity, vehicle_state.angular_velocity,
      |                                  [01;31m[K^~~~~~~[m[K
[01m[K/home/hua/new_catkin_ws/src/lqr_control/src/lqr_controller.cpp:[m[K In member function â€˜[01m[Kvoid hua::control::LqrController::ComputeLateralErrors(double, double, double, double, double, double, LateralControlErrorPtr&)[m[Kâ€™:
[01m[K/home/hua/new_catkin_ws/src/lqr_control/src/lqr_controller.cpp:290:13:[m[K [01;31m[Kerror: [m[Kâ€˜[01m[Klar_con_err[m[Kâ€™ was not declared in this scope; did you mean â€˜[01m[Klat_con_err[m[Kâ€™?
  290 |             [01;31m[Klar_con_err[m[K->heading_error_rate = match_point.v * match_point.kappa - angular_v;
      |             [01;31m[K^~~~~~~~~~~[m[K
      |             [32m[Klat_con_err[m[K
[01m[K/home/hua/new_catkin_ws/src/lqr_control/src/lqr_controller.cpp:[m[K In member function â€˜[01m[Kvoid hua::control::LqrController::SolveLQRProblem(const Matrix&, const Matrix&, const Matrix&, const Matrix&, double, uint, hua::control::Matrix*)[m[Kâ€™:
[01m[K/home/hua/new_catkin_ws/src/lqr_control/src/lqr_controller.cpp:323:83:[m[K [01;31m[Kerror: [m[Kexpected â€˜[01m[K;[m[Kâ€™ before â€˜[01m[K{[m[Kâ€™ token
  323 |              Q.rows() != A.rows() || R.rows() != R.cols() || R.rows() != B.cols())
      |                                                                                   [01;31m[K^[m[K
      |                                                                                   [32m[K;[m[K
  324 |             [32m[K{[m[K
      |             [32m[K~[m[K                                                                      
make[2]: *** [CMakeFiles/lqr_control.dir/build.make:63ï¼šCMakeFiles/lqr_control.dir/src/lqr_controller.cpp.o] é”™è¯¯ 1
make[1]: *** [CMakeFiles/Makefile2:207ï¼šCMakeFiles/lqr_control.dir/all] é”™è¯¯ 2
make: *** [Makefile:141ï¼šall] é”™è¯¯ 2
